<?xml version="1.0" encoding="utf-8" standalone="no"?>
<!--This file represents the results of running a test suite-->
<test-results name="C:\Users\Miko\Documents\Visual Studio 2008\Projects\FPL\CToastTest\bin\Debug\CToastTest.exe" total="4" errors="0" failures="0" not-run="0" inconclusive="0" ignored="0" skipped="0" invalid="0" date="2014-03-22" time="11:23:16">
  <environment nunit-version="2.5.10.11092" clr-version="4.0.30319.18444" os-version="Microsoft Windows NT 6.1.7601 Service Pack 1" platform="Win32NT" cwd="C:\Users\Miko\Documents\Visual Studio 2008\Projects\FPL\CToastTest\bin\Debug" machine-name="MIKO-PC" user="Miko" user-domain="Miko-PC" />
  <culture-info current-culture="en-US" current-uiculture="en-US" />
  <test-suite type="Assembly" name="C:\Users\Miko\Documents\Visual Studio 2008\Projects\FPL\CToastTest\bin\Debug\CToastTest.exe" executed="True" result="Success" success="True" time="81.551" asserts="0">
    <results>
      <test-suite type="Namespace" name="CToastTest" executed="True" result="Success" success="True" time="81.551" asserts="0">
        <results>
          <test-suite type="TestFixture" name="CToastTester" executed="True" result="Success" success="True" time="81.550" asserts="0">
            <results>
              <test-case name="CToastTest.CToastTester.TestEquality" executed="True" result="Success" success="True" time="1.966" asserts="8" />
              <test-case name="CToastTest.CToastTester.TestInfinites" executed="True" result="Success" success="True" time="5.070" asserts="3" />
              <test-case name="CToastTest.CToastTester.TestLogic" executed="True" result="Success" success="True" time="0.031" asserts="3" />
              <test-case name="CToastTest.CToastTester.TestSort" executed="True" result="Success" success="True" time="74.483" asserts="3" />
            </results>
          </test-suite>
        </results>
      </test-suite>
    </results>
  </test-suite>
</test-results>